00001000: addi	x28, x0, 8
r 0=00000000 r 1=00000000 r 2=000effff r 3=00003000 
r 4=00000000 r 5=00000000 r 6=00000000 r 7=00000000 
r 8=00000000 r 9=00000000 r10=00000008 r11=00003000 
r12=00000000 r13=00000000 r14=00000000 r15=00000000 
r16=00000000 r17=00000000 r18=00000000 r19=00000000 
r20=00000000 r21=00000000 r22=00000000 r23=00000000 
r24=00000000 r25=00000000 r26=00000000 r27=00000000 
r28=00000008 r29=00000000 r30=00000000 r31=00000000 

00001004: addi	x28, x28, -1
r 0=00000000 r 1=00000000 r 2=000effff r 3=00003000 
r 4=00000000 r 5=00000000 r 6=00000000 r 7=00000000 
r 8=00000000 r 9=00000000 r10=00000008 r11=00003000 
r12=00000000 r13=00000000 r14=00000000 r15=00000000 
r16=00000000 r17=00000000 r18=00000000 r19=00000000 
r20=00000000 r21=00000000 r22=00000000 r23=00000000 
r24=00000000 r25=00000000 r26=00000000 r27=00000000 
r28=00000007 r29=00000000 r30=00000000 r31=00000000 

00001008: slli	x31, x28, 2
r 0=00000000 r 1=00000000 r 2=000effff r 3=00003000 
r 4=00000000 r 5=00000000 r 6=00000000 r 7=00000000 
r 8=00000000 r 9=00000000 r10=00000008 r11=00003000 
r12=00000000 r13=00000000 r14=00000000 r15=00000000 
r16=00000000 r17=00000000 r18=00000000 r19=00000000 
r20=00000000 r21=00000000 r22=00000000 r23=00000000 
r24=00000000 r25=00000000 r26=00000000 r27=00000000 
r28=00000007 r29=00000000 r30=00000000 r31=0000001c 

0000100c: add	x31, x11, x31
r 0=00000000 r 1=00000000 r 2=000effff r 3=00003000 
r 4=00000000 r 5=00000000 r 6=00000000 r 7=00000000 
r 8=00000000 r 9=00000000 r10=00000008 r11=00003000 
r12=00000000 r13=00000000 r14=00000000 r15=00000000 
r16=00000000 r17=00000000 r18=00000000 r19=00000000 
r20=00000000 r21=00000000 r22=00000000 r23=00000000 
r24=00000000 r25=00000000 r26=00000000 r27=00000000 
r28=00000007 r29=00000000 r30=00000000 r31=0000301c 

00001010: lw	x10, 0(x31)
r 0=00000000 r 1=00000000 r 2=000effff r 3=00003000 
r 4=00000000 r 5=00000000 r 6=00000000 r 7=00000000 
r 8=00000000 r 9=00000000 r10=00000000 r11=00003000 
r12=00000000 r13=00000000 r14=00000000 r15=00000000 
r16=00000000 r17=00000000 r18=00000000 r19=00000000 
r20=00000000 r21=00000000 r22=00000000 r23=00000000 
r24=00000000 r25=00000000 r26=00000000 r27=00000000 
r28=00000007 r29=00000000 r30=00000000 r31=0000301c 

00001014: lswc	x10, x31, x0
r 0=00000000 r 1=00000000 r 2=000effff r 3=00003000 
r 4=00000000 r 5=00000000 r 6=00000000 r 7=00000000 
r 8=00000000 r 9=00000000 r10=00000000 r11=00003000 
r12=00000000 r13=00000000 r14=00000000 r15=00000000 
r16=00000000 r17=00000000 r18=00000000 r19=00000000 
r20=00000000 r21=00000000 r22=00000000 r23=00000000 
r24=00000000 r25=00000000 r26=00000000 r27=00000000 
r28=00000007 r29=00000000 r30=00000000 r31=0000301c 

00001018: lw	x10, 0(x31)
r 0=00000000 r 1=00000000 r 2=000effff r 3=00003000 
r 4=00000000 r 5=00000000 r 6=00000000 r 7=00000000 
r 8=00000000 r 9=00000000 r10=00000000 r11=00003000 
r12=00000000 r13=00000000 r14=00000000 r15=00000000 
r16=00000000 r17=00000000 r18=00000000 r19=00000000 
r20=00000000 r21=00000000 r22=00000000 r23=00000000 
r24=00000000 r25=00000000 r26=00000000 r27=00000000 
r28=00000007 r29=00000000 r30=00000000 r31=0000301c 

0000101c: bne	x28, x0, -24
r 0=00000000 r 1=00000000 r 2=000effff r 3=00003000 
r 4=00000000 r 5=00000000 r 6=00000000 r 7=00000000 
r 8=00000000 r 9=00000000 r10=00000000 r11=00003000 
r12=00000000 r13=00000000 r14=00000000 r15=00000000 
r16=00000000 r17=00000000 r18=00000000 r19=00000000 
r20=00000000 r21=00000000 r22=00000000 r23=00000000 
r24=00000000 r25=00000000 r26=00000000 r27=00000000 
r28=00000007 r29=00000000 r30=00000000 r31=0000301c 

00001004: addi	x28, x28, -1
r 0=00000000 r 1=00000000 r 2=000effff r 3=00003000 
r 4=00000000 r 5=00000000 r 6=00000000 r 7=00000000 
r 8=00000000 r 9=00000000 r10=00000000 r11=00003000 
r12=00000000 r13=00000000 r14=00000000 r15=00000000 
r16=00000000 r17=00000000 r18=00000000 r19=00000000 
r20=00000000 r21=00000000 r22=00000000 r23=00000000 
r24=00000000 r25=00000000 r26=00000000 r27=00000000 
r28=00000006 r29=00000000 r30=00000000 r31=0000301c 

00001008: slli	x31, x28, 2
r 0=00000000 r 1=00000000 r 2=000effff r 3=00003000 
r 4=00000000 r 5=00000000 r 6=00000000 r 7=00000000 
r 8=00000000 r 9=00000000 r10=00000000 r11=00003000 
r12=00000000 r13=00000000 r14=00000000 r15=00000000 
r16=00000000 r17=00000000 r18=00000000 r19=00000000 
r20=00000000 r21=00000000 r22=00000000 r23=00000000 
r24=00000000 r25=00000000 r26=00000000 r27=00000000 
r28=00000006 r29=00000000 r30=00000000 r31=00000018 

0000100c: add	x31, x11, x31
r 0=00000000 r 1=00000000 r 2=000effff r 3=00003000 
r 4=00000000 r 5=00000000 r 6=00000000 r 7=00000000 
r 8=00000000 r 9=00000000 r10=00000000 r11=00003000 
r12=00000000 r13=00000000 r14=00000000 r15=00000000 
r16=00000000 r17=00000000 r18=00000000 r19=00000000 
r20=00000000 r21=00000000 r22=00000000 r23=00000000 
r24=00000000 r25=00000000 r26=00000000 r27=00000000 
r28=00000006 r29=00000000 r30=00000000 r31=00003018 

00001010: lw	x10, 0(x31)
r 0=00000000 r 1=00000000 r 2=000effff r 3=00003000 
r 4=00000000 r 5=00000000 r 6=00000000 r 7=00000000 
r 8=00000000 r 9=00000000 r10=00000019 r11=00003000 
r12=00000000 r13=00000000 r14=00000000 r15=00000000 
r16=00000000 r17=00000000 r18=00000000 r19=00000000 
r20=00000000 r21=00000000 r22=00000000 r23=00000000 
r24=00000000 r25=00000000 r26=00000000 r27=00000000 
r28=00000006 r29=00000000 r30=00000000 r31=00003018 

00001014: lswc	x10, x31, x0
r 0=00000000 r 1=00000000 r 2=000effff r 3=00003000 
r 4=00000000 r 5=00000000 r 6=00000000 r 7=00000000 
r 8=00000000 r 9=00000000 r10=00000019 r11=00003000 
r12=00000000 r13=00000000 r14=00000000 r15=00000000 
r16=00000000 r17=00000000 r18=00000000 r19=00000000 
r20=00000000 r21=00000000 r22=00000000 r23=00000000 
r24=00000000 r25=00000000 r26=00000000 r27=00000000 
r28=00000006 r29=00000000 r30=00000000 r31=00003018 

00001018: lw	x10, 0(x31)
r 0=00000000 r 1=00000000 r 2=000effff r 3=00003000 
r 4=00000000 r 5=00000000 r 6=00000000 r 7=00000000 
r 8=00000000 r 9=00000000 r10=00000019 r11=00003000 
r12=00000000 r13=00000000 r14=00000000 r15=00000000 
r16=00000000 r17=00000000 r18=00000000 r19=00000000 
r20=00000000 r21=00000000 r22=00000000 r23=00000000 
r24=00000000 r25=00000000 r26=00000000 r27=00000000 
r28=00000006 r29=00000000 r30=00000000 r31=00003018 

0000101c: bne	x28, x0, -24
r 0=00000000 r 1=00000000 r 2=000effff r 3=00003000 
r 4=00000000 r 5=00000000 r 6=00000000 r 7=00000000 
r 8=00000000 r 9=00000000 r10=00000019 r11=00003000 
r12=00000000 r13=00000000 r14=00000000 r15=00000000 
r16=00000000 r17=00000000 r18=00000000 r19=00000000 
r20=00000000 r21=00000000 r22=00000000 r23=00000000 
r24=00000000 r25=00000000 r26=00000000 r27=00000000 
r28=00000006 r29=00000000 r30=00000000 r31=00003018 

00001004: addi	x28, x28, -1
r 0=00000000 r 1=00000000 r 2=000effff r 3=00003000 
r 4=00000000 r 5=00000000 r 6=00000000 r 7=00000000 
r 8=00000000 r 9=00000000 r10=00000019 r11=00003000 
r12=00000000 r13=00000000 r14=00000000 r15=00000000 
r16=00000000 r17=00000000 r18=00000000 r19=00000000 
r20=00000000 r21=00000000 r22=00000000 r23=00000000 
r24=00000000 r25=00000000 r26=00000000 r27=00000000 
r28=00000005 r29=00000000 r30=00000000 r31=00003018 

00001008: slli	x31, x28, 2
r 0=00000000 r 1=00000000 r 2=000effff r 3=00003000 
r 4=00000000 r 5=00000000 r 6=00000000 r 7=00000000 
r 8=00000000 r 9=00000000 r10=00000019 r11=00003000 
r12=00000000 r13=00000000 r14=00000000 r15=00000000 
r16=00000000 r17=00000000 r18=00000000 r19=00000000 
r20=00000000 r21=00000000 r22=00000000 r23=00000000 
r24=00000000 r25=00000000 r26=00000000 r27=00000000 
r28=00000005 r29=00000000 r30=00000000 r31=00000014 

0000100c: add	x31, x11, x31
r 0=00000000 r 1=00000000 r 2=000effff r 3=00003000 
r 4=00000000 r 5=00000000 r 6=00000000 r 7=00000000 
r 8=00000000 r 9=00000000 r10=00000019 r11=00003000 
r12=00000000 r13=00000000 r14=00000000 r15=00000000 
r16=00000000 r17=00000000 r18=00000000 r19=00000000 
r20=00000000 r21=00000000 r22=00000000 r23=00000000 
r24=00000000 r25=00000000 r26=00000000 r27=00000000 
r28=00000005 r29=00000000 r30=00000000 r31=00003014 

00001010: lw	x10, 0(x31)
r 0=00000000 r 1=00000000 r 2=000effff r 3=00003000 
r 4=00000000 r 5=00000000 r 6=00000000 r 7=00000000 
r 8=00000000 r 9=00000000 r10=ffffff1a r11=00003000 
r12=00000000 r13=00000000 r14=00000000 r15=00000000 
r16=00000000 r17=00000000 r18=00000000 r19=00000000 
r20=00000000 r21=00000000 r22=00000000 r23=00000000 
r24=00000000 r25=00000000 r26=00000000 r27=00000000 
r28=00000005 r29=00000000 r30=00000000 r31=00003014 

00001014: lswc	x10, x31, x0
r 0=00000000 r 1=00000000 r 2=000effff r 3=00003000 
r 4=00000000 r 5=00000000 r 6=00000000 r 7=00000000 
r 8=00000000 r 9=00000000 r10=00000000 r11=00003000 
r12=00000000 r13=00000000 r14=00000000 r15=00000000 
r16=00000000 r17=00000000 r18=00000000 r19=00000000 
r20=00000000 r21=00000000 r22=00000000 r23=00000000 
r24=00000000 r25=00000000 r26=00000000 r27=00000000 
r28=00000005 r29=00000000 r30=00000000 r31=00003014 

00001018: lw	x10, 0(x31)
r 0=00000000 r 1=00000000 r 2=000effff r 3=00003000 
r 4=00000000 r 5=00000000 r 6=00000000 r 7=00000000 
r 8=00000000 r 9=00000000 r10=00000000 r11=00003000 
r12=00000000 r13=00000000 r14=00000000 r15=00000000 
r16=00000000 r17=00000000 r18=00000000 r19=00000000 
r20=00000000 r21=00000000 r22=00000000 r23=00000000 
r24=00000000 r25=00000000 r26=00000000 r27=00000000 
r28=00000005 r29=00000000 r30=00000000 r31=00003014 

0000101c: bne	x28, x0, -24
r 0=00000000 r 1=00000000 r 2=000effff r 3=00003000 
r 4=00000000 r 5=00000000 r 6=00000000 r 7=00000000 
r 8=00000000 r 9=00000000 r10=00000000 r11=00003000 
r12=00000000 r13=00000000 r14=00000000 r15=00000000 
r16=00000000 r17=00000000 r18=00000000 r19=00000000 
r20=00000000 r21=00000000 r22=00000000 r23=00000000 
r24=00000000 r25=00000000 r26=00000000 r27=00000000 
r28=00000005 r29=00000000 r30=00000000 r31=00003014 

00001004: addi	x28, x28, -1
r 0=00000000 r 1=00000000 r 2=000effff r 3=00003000 
r 4=00000000 r 5=00000000 r 6=00000000 r 7=00000000 
r 8=00000000 r 9=00000000 r10=00000000 r11=00003000 
r12=00000000 r13=00000000 r14=00000000 r15=00000000 
r16=00000000 r17=00000000 r18=00000000 r19=00000000 
r20=00000000 r21=00000000 r22=00000000 r23=00000000 
r24=00000000 r25=00000000 r26=00000000 r27=00000000 
r28=00000004 r29=00000000 r30=00000000 r31=00003014 

00001008: slli	x31, x28, 2
r 0=00000000 r 1=00000000 r 2=000effff r 3=00003000 
r 4=00000000 r 5=00000000 r 6=00000000 r 7=00000000 
r 8=00000000 r 9=00000000 r10=00000000 r11=00003000 
r12=00000000 r13=00000000 r14=00000000 r15=00000000 
r16=00000000 r17=00000000 r18=00000000 r19=00000000 
r20=00000000 r21=00000000 r22=00000000 r23=00000000 
r24=00000000 r25=00000000 r26=00000000 r27=00000000 
r28=00000004 r29=00000000 r30=00000000 r31=00000010 

0000100c: add	x31, x11, x31
r 0=00000000 r 1=00000000 r 2=000effff r 3=00003000 
r 4=00000000 r 5=00000000 r 6=00000000 r 7=00000000 
r 8=00000000 r 9=00000000 r10=00000000 r11=00003000 
r12=00000000 r13=00000000 r14=00000000 r15=00000000 
r16=00000000 r17=00000000 r18=00000000 r19=00000000 
r20=00000000 r21=00000000 r22=00000000 r23=00000000 
r24=00000000 r25=00000000 r26=00000000 r27=00000000 
r28=00000004 r29=00000000 r30=00000000 r31=00003010 

00001010: lw	x10, 0(x31)
r 0=00000000 r 1=00000000 r 2=000effff r 3=00003000 
r 4=00000000 r 5=00000000 r 6=00000000 r 7=00000000 
r 8=00000000 r 9=00000000 r10=0000000f r11=00003000 
r12=00000000 r13=00000000 r14=00000000 r15=00000000 
r16=00000000 r17=00000000 r18=00000000 r19=00000000 
r20=00000000 r21=00000000 r22=00000000 r23=00000000 
r24=00000000 r25=00000000 r26=00000000 r27=00000000 
r28=00000004 r29=00000000 r30=00000000 r31=00003010 

00001014: lswc	x10, x31, x0
r 0=00000000 r 1=00000000 r 2=000effff r 3=00003000 
r 4=00000000 r 5=00000000 r 6=00000000 r 7=00000000 
r 8=00000000 r 9=00000000 r10=0000000f r11=00003000 
r12=00000000 r13=00000000 r14=00000000 r15=00000000 
r16=00000000 r17=00000000 r18=00000000 r19=00000000 
r20=00000000 r21=00000000 r22=00000000 r23=00000000 
r24=00000000 r25=00000000 r26=00000000 r27=00000000 
r28=00000004 r29=00000000 r30=00000000 r31=00003010 

00001018: lw	x10, 0(x31)
r 0=00000000 r 1=00000000 r 2=000effff r 3=00003000 
r 4=00000000 r 5=00000000 r 6=00000000 r 7=00000000 
r 8=00000000 r 9=00000000 r10=0000000f r11=00003000 
r12=00000000 r13=00000000 r14=00000000 r15=00000000 
r16=00000000 r17=00000000 r18=00000000 r19=00000000 
r20=00000000 r21=00000000 r22=00000000 r23=00000000 
r24=00000000 r25=00000000 r26=00000000 r27=00000000 
r28=00000004 r29=00000000 r30=00000000 r31=00003010 

0000101c: bne	x28, x0, -24
r 0=00000000 r 1=00000000 r 2=000effff r 3=00003000 
r 4=00000000 r 5=00000000 r 6=00000000 r 7=00000000 
r 8=00000000 r 9=00000000 r10=0000000f r11=00003000 
r12=00000000 r13=00000000 r14=00000000 r15=00000000 
r16=00000000 r17=00000000 r18=00000000 r19=00000000 
r20=00000000 r21=00000000 r22=00000000 r23=00000000 
r24=00000000 r25=00000000 r26=00000000 r27=00000000 
r28=00000004 r29=00000000 r30=00000000 r31=00003010 

00001004: addi	x28, x28, -1
r 0=00000000 r 1=00000000 r 2=000effff r 3=00003000 
r 4=00000000 r 5=00000000 r 6=00000000 r 7=00000000 
r 8=00000000 r 9=00000000 r10=0000000f r11=00003000 
r12=00000000 r13=00000000 r14=00000000 r15=00000000 
r16=00000000 r17=00000000 r18=00000000 r19=00000000 
r20=00000000 r21=00000000 r22=00000000 r23=00000000 
r24=00000000 r25=00000000 r26=00000000 r27=00000000 
r28=00000003 r29=00000000 r30=00000000 r31=00003010 

00001008: slli	x31, x28, 2
r 0=00000000 r 1=00000000 r 2=000effff r 3=00003000 
r 4=00000000 r 5=00000000 r 6=00000000 r 7=00000000 
r 8=00000000 r 9=00000000 r10=0000000f r11=00003000 
r12=00000000 r13=00000000 r14=00000000 r15=00000000 
r16=00000000 r17=00000000 r18=00000000 r19=00000000 
r20=00000000 r21=00000000 r22=00000000 r23=00000000 
r24=00000000 r25=00000000 r26=00000000 r27=00000000 
r28=00000003 r29=00000000 r30=00000000 r31=0000000c 

0000100c: add	x31, x11, x31
r 0=00000000 r 1=00000000 r 2=000effff r 3=00003000 
r 4=00000000 r 5=00000000 r 6=00000000 r 7=00000000 
r 8=00000000 r 9=00000000 r10=0000000f r11=00003000 
r12=00000000 r13=00000000 r14=00000000 r15=00000000 
r16=00000000 r17=00000000 r18=00000000 r19=00000000 
r20=00000000 r21=00000000 r22=00000000 r23=00000000 
r24=00000000 r25=00000000 r26=00000000 r27=00000000 
r28=00000003 r29=00000000 r30=00000000 r31=0000300c 

00001010: lw	x10, 0(x31)
r 0=00000000 r 1=00000000 r 2=000effff r 3=00003000 
r 4=00000000 r 5=00000000 r 6=00000000 r 7=00000000 
r 8=00000000 r 9=00000000 r10=00000011 r11=00003000 
r12=00000000 r13=00000000 r14=00000000 r15=00000000 
r16=00000000 r17=00000000 r18=00000000 r19=00000000 
r20=00000000 r21=00000000 r22=00000000 r23=00000000 
r24=00000000 r25=00000000 r26=00000000 r27=00000000 
r28=00000003 r29=00000000 r30=00000000 r31=0000300c 

00001014: lswc	x10, x31, x0
r 0=00000000 r 1=00000000 r 2=000effff r 3=00003000 
r 4=00000000 r 5=00000000 r 6=00000000 r 7=00000000 
r 8=00000000 r 9=00000000 r10=00000011 r11=00003000 
r12=00000000 r13=00000000 r14=00000000 r15=00000000 
r16=00000000 r17=00000000 r18=00000000 r19=00000000 
r20=00000000 r21=00000000 r22=00000000 r23=00000000 
r24=00000000 r25=00000000 r26=00000000 r27=00000000 
r28=00000003 r29=00000000 r30=00000000 r31=0000300c 

00001018: lw	x10, 0(x31)
r 0=00000000 r 1=00000000 r 2=000effff r 3=00003000 
r 4=00000000 r 5=00000000 r 6=00000000 r 7=00000000 
r 8=00000000 r 9=00000000 r10=00000011 r11=00003000 
r12=00000000 r13=00000000 r14=00000000 r15=00000000 
r16=00000000 r17=00000000 r18=00000000 r19=00000000 
r20=00000000 r21=00000000 r22=00000000 r23=00000000 
r24=00000000 r25=00000000 r26=00000000 r27=00000000 
r28=00000003 r29=00000000 r30=00000000 r31=0000300c 

0000101c: bne	x28, x0, -24
r 0=00000000 r 1=00000000 r 2=000effff r 3=00003000 
r 4=00000000 r 5=00000000 r 6=00000000 r 7=00000000 
r 8=00000000 r 9=00000000 r10=00000011 r11=00003000 
r12=00000000 r13=00000000 r14=00000000 r15=00000000 
r16=00000000 r17=00000000 r18=00000000 r19=00000000 
r20=00000000 r21=00000000 r22=00000000 r23=00000000 
r24=00000000 r25=00000000 r26=00000000 r27=00000000 
r28=00000003 r29=00000000 r30=00000000 r31=0000300c 

00001004: addi	x28, x28, -1
r 0=00000000 r 1=00000000 r 2=000effff r 3=00003000 
r 4=00000000 r 5=00000000 r 6=00000000 r 7=00000000 
r 8=00000000 r 9=00000000 r10=00000011 r11=00003000 
r12=00000000 r13=00000000 r14=00000000 r15=00000000 
r16=00000000 r17=00000000 r18=00000000 r19=00000000 
r20=00000000 r21=00000000 r22=00000000 r23=00000000 
r24=00000000 r25=00000000 r26=00000000 r27=00000000 
r28=00000002 r29=00000000 r30=00000000 r31=0000300c 

00001008: slli	x31, x28, 2
r 0=00000000 r 1=00000000 r 2=000effff r 3=00003000 
r 4=00000000 r 5=00000000 r 6=00000000 r 7=00000000 
r 8=00000000 r 9=00000000 r10=00000011 r11=00003000 
r12=00000000 r13=00000000 r14=00000000 r15=00000000 
r16=00000000 r17=00000000 r18=00000000 r19=00000000 
r20=00000000 r21=00000000 r22=00000000 r23=00000000 
r24=00000000 r25=00000000 r26=00000000 r27=00000000 
r28=00000002 r29=00000000 r30=00000000 r31=00000008 

0000100c: add	x31, x11, x31
r 0=00000000 r 1=00000000 r 2=000effff r 3=00003000 
r 4=00000000 r 5=00000000 r 6=00000000 r 7=00000000 
r 8=00000000 r 9=00000000 r10=00000011 r11=00003000 
r12=00000000 r13=00000000 r14=00000000 r15=00000000 
r16=00000000 r17=00000000 r18=00000000 r19=00000000 
r20=00000000 r21=00000000 r22=00000000 r23=00000000 
r24=00000000 r25=00000000 r26=00000000 r27=00000000 
r28=00000002 r29=00000000 r30=00000000 r31=00003008 

00001010: lw	x10, 0(x31)
r 0=00000000 r 1=00000000 r 2=000effff r 3=00003000 
r 4=00000000 r 5=00000000 r 6=00000000 r 7=00000000 
r 8=00000000 r 9=00000000 r10=0000000a r11=00003000 
r12=00000000 r13=00000000 r14=00000000 r15=00000000 
r16=00000000 r17=00000000 r18=00000000 r19=00000000 
r20=00000000 r21=00000000 r22=00000000 r23=00000000 
r24=00000000 r25=00000000 r26=00000000 r27=00000000 
r28=00000002 r29=00000000 r30=00000000 r31=00003008 

00001014: lswc	x10, x31, x0
r 0=00000000 r 1=00000000 r 2=000effff r 3=00003000 
r 4=00000000 r 5=00000000 r 6=00000000 r 7=00000000 
r 8=00000000 r 9=00000000 r10=0000000a r11=00003000 
r12=00000000 r13=00000000 r14=00000000 r15=00000000 
r16=00000000 r17=00000000 r18=00000000 r19=00000000 
r20=00000000 r21=00000000 r22=00000000 r23=00000000 
r24=00000000 r25=00000000 r26=00000000 r27=00000000 
r28=00000002 r29=00000000 r30=00000000 r31=00003008 

00001018: lw	x10, 0(x31)
r 0=00000000 r 1=00000000 r 2=000effff r 3=00003000 
r 4=00000000 r 5=00000000 r 6=00000000 r 7=00000000 
r 8=00000000 r 9=00000000 r10=0000000a r11=00003000 
r12=00000000 r13=00000000 r14=00000000 r15=00000000 
r16=00000000 r17=00000000 r18=00000000 r19=00000000 
r20=00000000 r21=00000000 r22=00000000 r23=00000000 
r24=00000000 r25=00000000 r26=00000000 r27=00000000 
r28=00000002 r29=00000000 r30=00000000 r31=00003008 

0000101c: bne	x28, x0, -24
r 0=00000000 r 1=00000000 r 2=000effff r 3=00003000 
r 4=00000000 r 5=00000000 r 6=00000000 r 7=00000000 
r 8=00000000 r 9=00000000 r10=0000000a r11=00003000 
r12=00000000 r13=00000000 r14=00000000 r15=00000000 
r16=00000000 r17=00000000 r18=00000000 r19=00000000 
r20=00000000 r21=00000000 r22=00000000 r23=00000000 
r24=00000000 r25=00000000 r26=00000000 r27=00000000 
r28=00000002 r29=00000000 r30=00000000 r31=00003008 

00001004: addi	x28, x28, -1
r 0=00000000 r 1=00000000 r 2=000effff r 3=00003000 
r 4=00000000 r 5=00000000 r 6=00000000 r 7=00000000 
r 8=00000000 r 9=00000000 r10=0000000a r11=00003000 
r12=00000000 r13=00000000 r14=00000000 r15=00000000 
r16=00000000 r17=00000000 r18=00000000 r19=00000000 
r20=00000000 r21=00000000 r22=00000000 r23=00000000 
r24=00000000 r25=00000000 r26=00000000 r27=00000000 
r28=00000001 r29=00000000 r30=00000000 r31=00003008 

00001008: slli	x31, x28, 2
r 0=00000000 r 1=00000000 r 2=000effff r 3=00003000 
r 4=00000000 r 5=00000000 r 6=00000000 r 7=00000000 
r 8=00000000 r 9=00000000 r10=0000000a r11=00003000 
r12=00000000 r13=00000000 r14=00000000 r15=00000000 
r16=00000000 r17=00000000 r18=00000000 r19=00000000 
r20=00000000 r21=00000000 r22=00000000 r23=00000000 
r24=00000000 r25=00000000 r26=00000000 r27=00000000 
r28=00000001 r29=00000000 r30=00000000 r31=00000004 

0000100c: add	x31, x11, x31
r 0=00000000 r 1=00000000 r 2=000effff r 3=00003000 
r 4=00000000 r 5=00000000 r 6=00000000 r 7=00000000 
r 8=00000000 r 9=00000000 r10=0000000a r11=00003000 
r12=00000000 r13=00000000 r14=00000000 r15=00000000 
r16=00000000 r17=00000000 r18=00000000 r19=00000000 
r20=00000000 r21=00000000 r22=00000000 r23=00000000 
r24=00000000 r25=00000000 r26=00000000 r27=00000000 
r28=00000001 r29=00000000 r30=00000000 r31=00003004 

00001010: lw	x10, 0(x31)
r 0=00000000 r 1=00000000 r 2=000effff r 3=00003000 
r 4=00000000 r 5=00000000 r 6=00000000 r 7=00000000 
r 8=00000000 r 9=00000000 r10=fffffffb r11=00003000 
r12=00000000 r13=00000000 r14=00000000 r15=00000000 
r16=00000000 r17=00000000 r18=00000000 r19=00000000 
r20=00000000 r21=00000000 r22=00000000 r23=00000000 
r24=00000000 r25=00000000 r26=00000000 r27=00000000 
r28=00000001 r29=00000000 r30=00000000 r31=00003004 

00001014: lswc	x10, x31, x0
r 0=00000000 r 1=00000000 r 2=000effff r 3=00003000 
r 4=00000000 r 5=00000000 r 6=00000000 r 7=00000000 
r 8=00000000 r 9=00000000 r10=00000000 r11=00003000 
r12=00000000 r13=00000000 r14=00000000 r15=00000000 
r16=00000000 r17=00000000 r18=00000000 r19=00000000 
r20=00000000 r21=00000000 r22=00000000 r23=00000000 
r24=00000000 r25=00000000 r26=00000000 r27=00000000 
r28=00000001 r29=00000000 r30=00000000 r31=00003004 

00001018: lw	x10, 0(x31)
r 0=00000000 r 1=00000000 r 2=000effff r 3=00003000 
r 4=00000000 r 5=00000000 r 6=00000000 r 7=00000000 
r 8=00000000 r 9=00000000 r10=00000000 r11=00003000 
r12=00000000 r13=00000000 r14=00000000 r15=00000000 
r16=00000000 r17=00000000 r18=00000000 r19=00000000 
r20=00000000 r21=00000000 r22=00000000 r23=00000000 
r24=00000000 r25=00000000 r26=00000000 r27=00000000 
r28=00000001 r29=00000000 r30=00000000 r31=00003004 

0000101c: bne	x28, x0, -24
r 0=00000000 r 1=00000000 r 2=000effff r 3=00003000 
r 4=00000000 r 5=00000000 r 6=00000000 r 7=00000000 
r 8=00000000 r 9=00000000 r10=00000000 r11=00003000 
r12=00000000 r13=00000000 r14=00000000 r15=00000000 
r16=00000000 r17=00000000 r18=00000000 r19=00000000 
r20=00000000 r21=00000000 r22=00000000 r23=00000000 
r24=00000000 r25=00000000 r26=00000000 r27=00000000 
r28=00000001 r29=00000000 r30=00000000 r31=00003004 

00001004: addi	x28, x28, -1
r 0=00000000 r 1=00000000 r 2=000effff r 3=00003000 
r 4=00000000 r 5=00000000 r 6=00000000 r 7=00000000 
r 8=00000000 r 9=00000000 r10=00000000 r11=00003000 
r12=00000000 r13=00000000 r14=00000000 r15=00000000 
r16=00000000 r17=00000000 r18=00000000 r19=00000000 
r20=00000000 r21=00000000 r22=00000000 r23=00000000 
r24=00000000 r25=00000000 r26=00000000 r27=00000000 
r28=00000000 r29=00000000 r30=00000000 r31=00003004 

00001008: slli	x31, x28, 2
r 0=00000000 r 1=00000000 r 2=000effff r 3=00003000 
r 4=00000000 r 5=00000000 r 6=00000000 r 7=00000000 
r 8=00000000 r 9=00000000 r10=00000000 r11=00003000 
r12=00000000 r13=00000000 r14=00000000 r15=00000000 
r16=00000000 r17=00000000 r18=00000000 r19=00000000 
r20=00000000 r21=00000000 r22=00000000 r23=00000000 
r24=00000000 r25=00000000 r26=00000000 r27=00000000 
r28=00000000 r29=00000000 r30=00000000 r31=00000000 

0000100c: add	x31, x11, x31
r 0=00000000 r 1=00000000 r 2=000effff r 3=00003000 
r 4=00000000 r 5=00000000 r 6=00000000 r 7=00000000 
r 8=00000000 r 9=00000000 r10=00000000 r11=00003000 
r12=00000000 r13=00000000 r14=00000000 r15=00000000 
r16=00000000 r17=00000000 r18=00000000 r19=00000000 
r20=00000000 r21=00000000 r22=00000000 r23=00000000 
r24=00000000 r25=00000000 r26=00000000 r27=00000000 
r28=00000000 r29=00000000 r30=00000000 r31=00003000 

00001010: lw	x10, 0(x31)
r 0=00000000 r 1=00000000 r 2=000effff r 3=00003000 
r 4=00000000 r 5=00000000 r 6=00000000 r 7=00000000 
r 8=00000000 r 9=00000000 r10=00000018 r11=00003000 
r12=00000000 r13=00000000 r14=00000000 r15=00000000 
r16=00000000 r17=00000000 r18=00000000 r19=00000000 
r20=00000000 r21=00000000 r22=00000000 r23=00000000 
r24=00000000 r25=00000000 r26=00000000 r27=00000000 
r28=00000000 r29=00000000 r30=00000000 r31=00003000 

00001014: lswc	x10, x31, x0
r 0=00000000 r 1=00000000 r 2=000effff r 3=00003000 
r 4=00000000 r 5=00000000 r 6=00000000 r 7=00000000 
r 8=00000000 r 9=00000000 r10=00000018 r11=00003000 
r12=00000000 r13=00000000 r14=00000000 r15=00000000 
r16=00000000 r17=00000000 r18=00000000 r19=00000000 
r20=00000000 r21=00000000 r22=00000000 r23=00000000 
r24=00000000 r25=00000000 r26=00000000 r27=00000000 
r28=00000000 r29=00000000 r30=00000000 r31=00003000 

00001018: lw	x10, 0(x31)
r 0=00000000 r 1=00000000 r 2=000effff r 3=00003000 
r 4=00000000 r 5=00000000 r 6=00000000 r 7=00000000 
r 8=00000000 r 9=00000000 r10=00000018 r11=00003000 
r12=00000000 r13=00000000 r14=00000000 r15=00000000 
r16=00000000 r17=00000000 r18=00000000 r19=00000000 
r20=00000000 r21=00000000 r22=00000000 r23=00000000 
r24=00000000 r25=00000000 r26=00000000 r27=00000000 
r28=00000000 r29=00000000 r30=00000000 r31=00003000 

0000101c: bne	x28, x0, -24
r 0=00000000 r 1=00000000 r 2=000effff r 3=00003000 
r 4=00000000 r 5=00000000 r 6=00000000 r 7=00000000 
r 8=00000000 r 9=00000000 r10=00000018 r11=00003000 
r12=00000000 r13=00000000 r14=00000000 r15=00000000 
r16=00000000 r17=00000000 r18=00000000 r19=00000000 
r20=00000000 r21=00000000 r22=00000000 r23=00000000 
r24=00000000 r25=00000000 r26=00000000 r27=00000000 
r28=00000000 r29=00000000 r30=00000000 r31=00003000 

00001020: addi	x10, x0, 10
r 0=00000000 r 1=00000000 r 2=000effff r 3=00003000 
r 4=00000000 r 5=00000000 r 6=00000000 r 7=00000000 
r 8=00000000 r 9=00000000 r10=0000000a r11=00003000 
r12=00000000 r13=00000000 r14=00000000 r15=00000000 
r16=00000000 r17=00000000 r18=00000000 r19=00000000 
r20=00000000 r21=00000000 r22=00000000 r23=00000000 
r24=00000000 r25=00000000 r26=00000000 r27=00000000 
r28=00000000 r29=00000000 r30=00000000 r31=00003000 

00001024: ecall
exiting the simulator
